[2021-01-13T17:10:13][ERROR][Config Validation] "ELASTICSEARCH_PATH" is not validated
[2021-01-13T17:10:13][ERROR][Config Validation] Please check "ELASTICSEARCH_PATH" in "./config/env.sh" file
[2021-01-13T17:10:13][EXIT][Config Validation] Process stopped...
************************ START ***************************
* START_TIME :  2021-01-13T17:11:06
* ELASTICSEARCH_HOST : 127.0.0.1
* ELASTICSEARCH_PORT : 9200
* ELASTICSEARCH_PATH : /Users/may-han/Documents/ELK/elasticsearch/elasticsearch-6.5.4
* CURRENT_NODE_NUM : 1
* CLUSTER_STATUS : "yellow"
* ELASTICSEARCH_PID : 73643
* SLEEPING_HOUR : 1hr
**********************************************************

[2021-01-13T17:11:06][INFO][Elasticsearch Connection] Checking elasticsearch connection...
[2021-01-13T17:11:06][INFO][Elasticsearch Connection] Elasticsearch is on connection to 127.0.0.1 port 9200
[2021-01-13T17:11:06][INFO][Elasticsearch Status] { "name" : "node-1", "cluster_name" : "test-cluster", "cluster_uuid" : "jGfNfABEQD6xRY8gkJMq9g", "version" : { "number" : "6.8.5", "build_flavor" : "default", "build_type" : "tar", "build_hash" : "78990e9", "build_date" : "2019-11-13T20:04:24.100411Z", "build_snapshot" : false, "lucene_version" : "7.7.2", "minimum_wire_compatibility_version" : "5.6.0", "minimum_index_compatibility_version" : "5.0.0" }, "tagline" : "You Know, for Search" }
[2021-01-13T17:11:06][INFO][Elasticsearch Status] _cluster/settings : {"persistent":{},"transient":{}}
[2021-01-13T17:11:06][INFO][Allocation Setting] Disable shard allocation..
[2021-01-13T17:11:06][INFO][Allocation Setting] Disable shard allocation success : {"acknowledged":true,"persistent":{"cluster":{"routing":{"allocation":{"enable":"primaries"}}}},"transient":{}}
[2021-01-13T17:11:06][INFO][Allocation Setting] sleeping for 30s..
************************ START ***************************
* START_TIME :  2021-01-13T17:11:41
* ELASTICSEARCH_HOST : 127.0.0.1
* ELASTICSEARCH_PORT : 9200
* ELASTICSEARCH_PATH : /Users/may-han/Documents/ELK/elasticsearch/elasticsearch-6.5.4
* CURRENT_NODE_NUM : 
* CLUSTER_STATUS : 
* ELASTICSEARCH_PID : 
* SLEEPING_HOUR : 1hr
**********************************************************

[2021-01-13T17:11:41][INFO][Elasticsearch Connection] Checking elasticsearch connection...
[2021-01-13T17:11:41][ERROR][Elasticsearch Connection] Failed to connect to 127.0.0.1 port 9200: Connection refused
[2021-01-13T17:11:41][ERROR][Elasticsearch Connection] curl result [], pid result []
[2021-01-13T17:11:41][EXIT][Elasticsearch Connection] Elasticsearch has no connection.. Process stopped...
