[2021-01-06T14:59:06][ERROR][Config Validation] "ELASTICSEARCH_PATH" is not validated
[2021-01-06T14:59:06][ERROR][Config Validation] Please check "ELASTICSEARCH_PATH" in "./config/env.sh" file
[2021-01-06T14:59:06][EXIT][Config Validation] Process stopped...
PATH IS VALIDATE
******************** Configuration **********************
* START_TIME :  2021-01-06T15:00:23
* ELASTICSEARCH_HOST : 127.0.0.1
* ELASTICSEARCH_PORT : 9200
* ELASTICSEARCH_PATH : /Users/may-han/Documents/ELK/elasticsearch/elasticsearch-6.8.5
* SLEEPING_HOUR : 8hr
**********************************************************

[2021-01-06T15:00:23][INFO][Elasticsearch Connection] Checking elasticsearch connection...
[2021-01-06T15:00:23][INFO][Elasticsearch Connection] Elasticsearch is on connection to 127.0.0.1 port 9200
[2021-01-06T15:00:23][INFO][Elasticsearch Status] { "name" : "mQ0G79W", "cluster_name" : "elasticsearch", "cluster_uuid" : "jGfNfABEQD6xRY8gkJMq9g", "version" : { "number" : "6.8.5", "build_flavor" : "default", "build_type" : "tar", "build_hash" : "78990e9", "build_date" : "2019-11-13T20:04:24.100411Z", "build_snapshot" : false, "lucene_version" : "7.7.2", "minimum_wire_compatibility_version" : "5.6.0", "minimum_index_compatibility_version" : "5.0.0" }, "tagline" : "You Know, for Search" }
[2021-01-06T15:00:23][INFO][Elasticsearch Status] _cat/health : 1609912823 06:00:23 elasticsearch yellow 1 1 5 5 0 0 5 0 - 50.0%
[2021-01-06T15:00:23][INFO][Elasticsearch Status] _cluster/health : {"cluster_name":"elasticsearch","status":"yellow","timed_out":false,"number_of_nodes":1,"number_of_data_nodes":1,"active_primary_shards":5,"active_shards":5,"relocating_shards":0,"initializing_shards":0,"unassigned_shards":5,"delayed_unassigned_shards":0,"number_of_pending_tasks":0,"number_of_in_flight_fetch":0,"task_max_waiting_in_queue_millis":0,"active_shards_percent_as_number":50.0}
[2021-01-06T15:00:23][INFO][Elasticsearch Status] _cluster/settings : {"persistent":{},"transient":{}}
[2021-01-06T15:00:23][INFO][Allocation Setting] Disable shard allocation..
[2021-01-06T15:00:23][INFO][Allocation Setting] Disable shard allocation success : {"acknowledged":true,"persistent":{"cluster":{"routing":{"allocation":{"enable":"primaries"}}}},"transient":{}}
[2021-01-06T15:00:23][INFO][Allocation Setting] sleeping for 30s...
